<?xml version="1.0" encoding="UTF-8"?>
<testsuite name="com.snapscore.pipeline.textsearch.FullTextSearchCacheImplTest" tests="3" skipped="0" failures="0" errors="0" timestamp="2020-12-15T10:46:53" hostname="Janiss-MacBook-Pro.local" time="0.06">
  <properties/>
  <testcase name="findMatchingItemsForMultiWordInput" classname="com.snapscore.pipeline.textsearch.FullTextSearchCacheImplTest" time="0.048"/>
  <testcase name="addItem" classname="com.snapscore.pipeline.textsearch.FullTextSearchCacheImplTest" time="0.008"/>
  <testcase name="removeItem" classname="com.snapscore.pipeline.textsearch.FullTextSearchCacheImplTest" time="0.003"/>
  <system-out><![CDATA[11:46:53.732 [Test worker] DEBUG com.snapscore.pipeline - PrefixMap keys size = 2; total values = 2 for key Al
11:46:53.738 [Test worker] DEBUG com.snapscore.pipeline - PrefixMap keys size = 1; total values = 2 for key American
11:46:53.738 [Test worker] DEBUG com.snapscore.pipeline - PrefixMap keys size = 1; total values = 1 for key American
11:46:53.738 [Test worker] DEBUG com.snapscore.pipeline - PrefixMap keys size = 0; total values = 0 for key team
11:46:53.739 [Test worker] DEBUG com.snapscore.pipeline - PrefixMap keys size = 2; total values = 2 for key America
]]></system-out>
  <system-err><![CDATA[]]></system-err>
</testsuite>
